"final" is final
1 0 0 0 0 0 0 0 0 0 0 0 0 
applying bow 0in round 3
1 0 0 0 0 0 0 0 0 0 0 0 0 
0.3 0.3 0 0.4 0 0 0 0 0 0 0 0 0 
"final" is final
0.3 0.3 0 0.4 0 0 0 0 0 0 0 0 0 
applying bow 1in round 3
1 0 0 0 0 0 0 0 0 0 0 0 0 
0.1 0.8 0 0.1 0 0 0 0 0 0 0 0 0 
"final" is final
0.1 0.8 0 0.1 0 0 0 0 0 0 0 0 0 
applying bow 0in round 2
1 0 0 0 0 0 0 0 0 0 0 0 0 
0.3 0.3 0 0.4 0 0 0 0 0 0 0 0 0 
"final" is final
0.3 0.3 0 0.4 0 0 0 0 0 0 0 0 0 
applying bow 0in round 3
0.3 0.3 0 0.4 0 0 0 0 0 0 0 0 0 
0.09 0.18 0.09 0.24 0.24 0 0.16 0 0 0 0 0 0 
"final" is final
0.09 0.18 0.09 0.24 0.24 0 0.16 0 0 0 0 0 0 
applying bow 1in round 3
0.3 0.3 0 0.4 0 0 0 0 0 0 0 0 0 
0.03 0.27 0.24 0.07 0.35 0 0.04 0 0 0 0 0 0 
"final" is final
0.03 0.27 0.24 0.07 0.35 0 0.04 0 0 0 0 0 0 
applying bow 1in round 2
1 0 0 0 0 0 0 0 0 0 0 0 0 
0.1 0.8 0 0.1 0 0 0 0 0 0 0 0 0 
"final" is final
0.1 0.8 0 0.1 0 0 0 0 0 0 0 0 0 
applying bow 0in round 3
0.1 0.8 0 0.1 0 0 0 0 0 0 0 0 0 
0.03 0.27 0.24 0.07 0.35 0 0.04 0 0 0 0 0 0 
"final" is final
0.03 0.27 0.24 0.07 0.35 0 0.04 0 0 0 0 0 0 
applying bow 1in round 3
0.1 0.8 0 0.1 0 0 0 0 0 0 0 0 0 
0.01 0.16 0.64 0.02 0.16 0 0.01 0 0 0 0 0 0 
"final" is final
0.01 0.16 0.64 0.02 0.16 0 0.01 0 0 0 0 0 0 
applying bow 0in round 1
1 0 0 0 0 0 0 0 0 0 0 0 0 
0.3 0.3 0 0.4 0 0 0 0 0 0 0 0 0 
"final" is final
0.3 0.3 0 0.4 0 0 0 0 0 0 0 0 0 
applying bow 0in round 3
0.3 0.3 0 0.4 0 0 0 0 0 0 0 0 0 
0.09 0.18 0.09 0.24 0.24 0 0.16 0 0 0 0 0 0 
"final" is final
0.09 0.18 0.09 0.24 0.24 0 0.16 0 0 0 0 0 0 
applying bow 1in round 3
0.3 0.3 0 0.4 0 0 0 0 0 0 0 0 0 
0.03 0.27 0.24 0.07 0.35 0 0.04 0 0 0 0 0 0 
"final" is final
0.03 0.27 0.24 0.07 0.35 0 0.04 0 0 0 0 0 0 
applying bow 0in round 2
0.3 0.3 0 0.4 0 0 0 0 0 0 0 0 0 
0.09 0.18 0.09 0.24 0.24 0 0.16 0 0 0 0 0 0 
"final" is final
0.09 0.18 0.09 0.24 0.24 0 0.16 0 0 0 0 0 0 
applying bow 0in round 3
0.09 0.18 0.09 0.24 0.24 0 0.16 0 0 0 0 0 0 
0.027 0.081 0.081 0.135 0.216 0.108 0.144 0.144 0 0.064 0 0 0 
"final" is final
0.027 0.081 0.081 0.135 0.216 0.108 0.144 0.144 0 0.064 0 0 0 
applying bow 1in round 3
0.09 0.18 0.09 0.24 0.24 0 0.16 0 0 0 0 0 0 
0.009 0.09 0.153 0.105 0.234 0.201 0.04 0.152 0 0.016 0 0 0 
"final" is final
0.009 0.09 0.153 0.105 0.234 0.201 0.04 0.152 0 0.016 0 0 0 
applying bow 1in round 2
0.3 0.3 0 0.4 0 0 0 0 0 0 0 0 0 
0.03 0.27 0.24 0.07 0.35 0 0.04 0 0 0 0 0 0 
"final" is final
0.03 0.27 0.24 0.07 0.35 0 0.04 0 0 0 0 0 0 
applying bow 0in round 3
0.03 0.27 0.24 0.07 0.35 0 0.04 0 0 0 0 0 0 
0.009 0.09 0.153 0.105 0.234 0.201 0.04 0.152 0 0.016 0 0 0 
"final" is final
0.009 0.09 0.153 0.105 0.234 0.201 0.04 0.152 0 0.016 0 0 0 
applying bow 1in round 3
0.03 0.27 0.24 0.07 0.35 0 0.04 0 0 0 0 0 0 
0.003 0.051 0.24 0.202 0.118 0.304 0.011 0.067 0 0.004 0 0 0 
"final" is final
0.003 0.051 0.24 0.202 0.118 0.304 0.011 0.067 0 0.004 0 0 0 
applying bow 1in round 1
1 0 0 0 0 0 0 0 0 0 0 0 0 
0.1 0.8 0 0.1 0 0 0 0 0 0 0 0 0 
"final" is final
0.1 0.8 0 0.1 0 0 0 0 0 0 0 0 0 
applying bow 0in round 3
0.1 0.8 0 0.1 0 0 0 0 0 0 0 0 0 
0.03 0.27 0.24 0.07 0.35 0 0.04 0 0 0 0 0 0 
"final" is final
0.03 0.27 0.24 0.07 0.35 0 0.04 0 0 0 0 0 0 
applying bow 1in round 3
0.1 0.8 0 0.1 0 0 0 0 0 0 0 0 0 
0.01 0.16 0.64 0.02 0.16 0 0.01 0 0 0 0 0 0 
"final" is final
0.01 0.16 0.64 0.02 0.16 0 0.01 0 0 0 0 0 0 
applying bow 0in round 2
0.1 0.8 0 0.1 0 0 0 0 0 0 0 0 0 
0.03 0.27 0.24 0.07 0.35 0 0.04 0 0 0 0 0 0 
"final" is final
0.03 0.27 0.24 0.07 0.35 0 0.04 0 0 0 0 0 0 
applying bow 0in round 3
0.03 0.27 0.24 0.07 0.35 0 0.04 0 0 0 0 0 0 
0.009 0.09 0.153 0.105 0.234 0.201 0.04 0.152 0 0.016 0 0 0 
"final" is final
0.009 0.09 0.153 0.105 0.234 0.201 0.04 0.152 0 0.016 0 0 0 
applying bow 1in round 3
0.03 0.27 0.24 0.07 0.35 0 0.04 0 0 0 0 0 0 
0.003 0.051 0.24 0.202 0.118 0.304 0.011 0.067 0 0.004 0 0 0 
"final" is final
0.003 0.051 0.24 0.202 0.118 0.304 0.011 0.067 0 0.004 0 0 0 
applying bow 1in round 2
0.1 0.8 0 0.1 0 0 0 0 0 0 0 0 0 
0.01 0.16 0.64 0.02 0.16 0 0.01 0 0 0 0 0 0 
"final" is final
0.01 0.16 0.64 0.02 0.16 0 0.01 0 0 0 0 0 0 
applying bow 0in round 3
0.01 0.16 0.64 0.02 0.16 0 0.01 0 0 0 0 0 0 
0.003 0.051 0.24 0.202 0.118 0.304 0.011 0.067 0 0.004 0 0 0 
"final" is final
0.003 0.051 0.24 0.202 0.118 0.304 0.011 0.067 0 0.004 0 0 0 
applying bow 1in round 3
0.01 0.16 0.64 0.02 0.16 0 0.01 0 0 0 0 0 0 
0.001 0.024 0.192 0.515 0.048 0.192 0.003 0.024 0 0.001 0 0 0 
"final" is final
0.001 0.024 0.192 0.515 0.048 0.192 0.003 0.024 0 0.001 0 0 0 
applying bow 0in round 0
1 0 0 0 0 0 0 0 0 0 0 0 0 
0.3 0.3 0 0.4 0 0 0 0 0 0 0 0 0 
"final" is final
0.3 0.3 0 0.4 0 0 0 0 0 0 0 0 0 
applying bow 0in round 3
0.3 0.3 0 0.4 0 0 0 0 0 0 0 0 0 
0.09 0.18 0.09 0.24 0.24 0 0.16 0 0 0 0 0 0 
"final" is final
0.09 0.18 0.09 0.24 0.24 0 0.16 0 0 0 0 0 0 
applying bow 1in round 3
0.3 0.3 0 0.4 0 0 0 0 0 0 0 0 0 
0.03 0.27 0.24 0.07 0.35 0 0.04 0 0 0 0 0 0 
"final" is final
0.03 0.27 0.24 0.07 0.35 0 0.04 0 0 0 0 0 0 
applying bow 0in round 2
0.3 0.3 0 0.4 0 0 0 0 0 0 0 0 0 
0.09 0.18 0.09 0.24 0.24 0 0.16 0 0 0 0 0 0 
"final" is final
0.09 0.18 0.09 0.24 0.24 0 0.16 0 0 0 0 0 0 
applying bow 0in round 3
0.09 0.18 0.09 0.24 0.24 0 0.16 0 0 0 0 0 0 
0.027 0.081 0.081 0.135 0.216 0.108 0.144 0.144 0 0.064 0 0 0 
"final" is final
0.027 0.081 0.081 0.135 0.216 0.108 0.144 0.144 0 0.064 0 0 0 
applying bow 1in round 3
0.09 0.18 0.09 0.24 0.24 0 0.16 0 0 0 0 0 0 
0.009 0.09 0.153 0.105 0.234 0.201 0.04 0.152 0 0.016 0 0 0 
"final" is final
0.009 0.09 0.153 0.105 0.234 0.201 0.04 0.152 0 0.016 0 0 0 
applying bow 1in round 2
0.3 0.3 0 0.4 0 0 0 0 0 0 0 0 0 
0.03 0.27 0.24 0.07 0.35 0 0.04 0 0 0 0 0 0 
"final" is final
0.03 0.27 0.24 0.07 0.35 0 0.04 0 0 0 0 0 0 
applying bow 0in round 3
0.03 0.27 0.24 0.07 0.35 0 0.04 0 0 0 0 0 0 
0.009 0.09 0.153 0.105 0.234 0.201 0.04 0.152 0 0.016 0 0 0 
"final" is final
0.009 0.09 0.153 0.105 0.234 0.201 0.04 0.152 0 0.016 0 0 0 
applying bow 1in round 3
0.03 0.27 0.24 0.07 0.35 0 0.04 0 0 0 0 0 0 
0.003 0.051 0.24 0.202 0.118 0.304 0.011 0.067 0 0.004 0 0 0 
"final" is final
0.003 0.051 0.24 0.202 0.118 0.304 0.011 0.067 0 0.004 0 0 0 
applying bow 0in round 1
0.3 0.3 0 0.4 0 0 0 0 0 0 0 0 0 
0.09 0.18 0.09 0.24 0.24 0 0.16 0 0 0 0 0 0 
"final" is final
0.09 0.18 0.09 0.24 0.24 0 0.16 0 0 0 0 0 0 
applying bow 0in round 3
0.09 0.18 0.09 0.24 0.24 0 0.16 0 0 0 0 0 0 
0.027 0.081 0.081 0.135 0.216 0.108 0.144 0.144 0 0.064 0 0 0 
"final" is final
0.027 0.081 0.081 0.135 0.216 0.108 0.144 0.144 0 0.064 0 0 0 
applying bow 1in round 3
0.09 0.18 0.09 0.24 0.24 0 0.16 0 0 0 0 0 0 
0.009 0.09 0.153 0.105 0.234 0.201 0.04 0.152 0 0.016 0 0 0 
"final" is final
0.009 0.09 0.153 0.105 0.234 0.201 0.04 0.152 0 0.016 0 0 0 
applying bow 0in round 2
0.09 0.18 0.09 0.24 0.24 0 0.16 0 0 0 0 0 0 
0.027 0.081 0.081 0.135 0.216 0.108 0.144 0.144 0 0.064 0 0 0 
"final" is final
0.027 0.081 0.081 0.135 0.216 0.108 0.144 0.144 0 0.064 0 0 0 
applying bow 0in round 3
0.027 0.081 0.081 0.135 0.216 0.108 0.144 0.144 0 0.064 0 0 0 
0.0081 0.0324 0.0486 0.0756 0.1377 0.1296 0.1296 0.1296 0.0432 0.0576 0 0 0 
"final" is final
0.0081 0.0324 0.0486 0.0756 0.1377 0.1296 0.1296 0.1296 0.0432 0.0576 0 0 0 
applying bow 1in round 3
0.027 0.081 0.081 0.135 0.216 0.108 0.144 0.144 0 0.064 0 0 0 
0.0027 0.0297 0.0729 0.081 0.1377 0.1917 0.1143 0.1368 0.0108 0.0144 0 0 0 
"final" is final
0.0027 0.0297 0.0729 0.081 0.1377 0.1917 0.1143 0.1368 0.0108 0.0144 0 0 0 
applying bow 1in round 2
0.09 0.18 0.09 0.24 0.24 0 0.16 0 0 0 0 0 0 
0.009 0.09 0.153 0.105 0.234 0.201 0.04 0.152 0 0.016 0 0 0 
"final" is final
0.009 0.09 0.153 0.105 0.234 0.201 0.04 0.152 0 0.016 0 0 0 
applying bow 0in round 3
0.009 0.09 0.153 0.105 0.234 0.201 0.04 0.152 0 0.016 0 0 0 
0.0027 0.0297 0.0729 0.081 0.1377 0.1917 0.1143 0.1056 0.0804 0.016 0 0 0 
"final" is final
0.0027 0.0297 0.0729 0.081 0.1377 0.1917 0.1143 0.1056 0.0804 0.016 0 0 0 
applying bow 1in round 3
0.009 0.09 0.153 0.105 0.234 0.201 0.04 0.152 0 0.016 0 0 0 
0.0009 0.0162 0.0873 0.1338 0.1164 0.2226 0.1753 0.0554 0.0201 0.004 0 0 0 
"final" is final
0.0009 0.0162 0.0873 0.1338 0.1164 0.2226 0.1753 0.0554 0.0201 0.004 0 0 0 
applying bow 1in round 1
0.3 0.3 0 0.4 0 0 0 0 0 0 0 0 0 
0.03 0.27 0.24 0.07 0.35 0 0.04 0 0 0 0 0 0 
"final" is final
0.03 0.27 0.24 0.07 0.35 0 0.04 0 0 0 0 0 0 
applying bow 0in round 3
0.03 0.27 0.24 0.07 0.35 0 0.04 0 0 0 0 0 0 
0.009 0.09 0.153 0.105 0.234 0.201 0.04 0.152 0 0.016 0 0 0 
"final" is final
0.009 0.09 0.153 0.105 0.234 0.201 0.04 0.152 0 0.016 0 0 0 
applying bow 1in round 3
0.03 0.27 0.24 0.07 0.35 0 0.04 0 0 0 0 0 0 
0.003 0.051 0.24 0.202 0.118 0.304 0.011 0.067 0 0.004 0 0 0 
"final" is final
0.003 0.051 0.24 0.202 0.118 0.304 0.011 0.067 0 0.004 0 0 0 
applying bow 0in round 2
0.03 0.27 0.24 0.07 0.35 0 0.04 0 0 0 0 0 0 
0.009 0.09 0.153 0.105 0.234 0.201 0.04 0.152 0 0.016 0 0 0 
"final" is final
0.009 0.09 0.153 0.105 0.234 0.201 0.04 0.152 0 0.016 0 0 0 
applying bow 0in round 3
0.009 0.09 0.153 0.105 0.234 0.201 0.04 0.152 0 0.016 0 0 0 
0.0027 0.0297 0.0729 0.081 0.1377 0.1917 0.1143 0.1056 0.0804 0.016 0 0 0 
"final" is final
0.0027 0.0297 0.0729 0.081 0.1377 0.1917 0.1143 0.1056 0.0804 0.016 0 0 0 
applying bow 1in round 3
0.009 0.09 0.153 0.105 0.234 0.201 0.04 0.152 0 0.016 0 0 0 
0.0009 0.0162 0.0873 0.1338 0.1164 0.2226 0.1753 0.0554 0.0201 0.004 0 0 0 
"final" is final
0.0009 0.0162 0.0873 0.1338 0.1164 0.2226 0.1753 0.0554 0.0201 0.004 0 0 0 
applying bow 1in round 2
0.03 0.27 0.24 0.07 0.35 0 0.04 0 0 0 0 0 0 
0.003 0.051 0.24 0.202 0.118 0.304 0.011 0.067 0 0.004 0 0 0 
"final" is final
0.003 0.051 0.24 0.202 0.118 0.304 0.011 0.067 0 0.004 0 0 0 
applying bow 0in round 3
0.003 0.051 0.24 0.202 0.118 0.304 0.011 0.067 0 0.004 0 0 0 
0.0009 0.0162 0.0873 0.1338 0.1164 0.2226 0.1753 0.0505 0.1216 0.0044 0 0 0 
"final" is final
0.0009 0.0162 0.0873 0.1338 0.1164 0.2226 0.1753 0.0505 0.1216 0.0044 0 0 0 
applying bow 1in round 3
0.003 0.051 0.24 0.202 0.118 0.304 0.011 0.067 0 0.004 0 0 0 
0.0003 0.0075 0.0648 0.2125 0.1785 0.1488 0.2645 0.0206 0.0304 0.0011 0 0 0 
"final" is final
0.0003 0.0075 0.0648 0.2125 0.1785 0.1488 0.2645 0.0206 0.0304 0.0011 0 0 0 
applying bow 1in round 0
1 0 0 0 0 0 0 0 0 0 0 0 0 
0.1 0.8 0 0.1 0 0 0 0 0 0 0 0 0 
"final" is final
0.1 0.8 0 0.1 0 0 0 0 0 0 0 0 0 
applying bow 0in round 3
0.1 0.8 0 0.1 0 0 0 0 0 0 0 0 0 
0.03 0.27 0.24 0.07 0.35 0 0.04 0 0 0 0 0 0 
"final" is final
0.03 0.27 0.24 0.07 0.35 0 0.04 0 0 0 0 0 0 
applying bow 1in round 3
0.1 0.8 0 0.1 0 0 0 0 0 0 0 0 0 
0.01 0.16 0.64 0.02 0.16 0 0.01 0 0 0 0 0 0 
"final" is final
0.01 0.16 0.64 0.02 0.16 0 0.01 0 0 0 0 0 0 
applying bow 0in round 2
0.1 0.8 0 0.1 0 0 0 0 0 0 0 0 0 
0.03 0.27 0.24 0.07 0.35 0 0.04 0 0 0 0 0 0 
"final" is final
0.03 0.27 0.24 0.07 0.35 0 0.04 0 0 0 0 0 0 
applying bow 0in round 3
0.03 0.27 0.24 0.07 0.35 0 0.04 0 0 0 0 0 0 
0.009 0.09 0.153 0.105 0.234 0.201 0.04 0.152 0 0.016 0 0 0 
"final" is final
0.009 0.09 0.153 0.105 0.234 0.201 0.04 0.152 0 0.016 0 0 0 
applying bow 1in round 3
0.03 0.27 0.24 0.07 0.35 0 0.04 0 0 0 0 0 0 
0.003 0.051 0.24 0.202 0.118 0.304 0.011 0.067 0 0.004 0 0 0 
"final" is final
0.003 0.051 0.24 0.202 0.118 0.304 0.011 0.067 0 0.004 0 0 0 
applying bow 1in round 2
0.1 0.8 0 0.1 0 0 0 0 0 0 0 0 0 
0.01 0.16 0.64 0.02 0.16 0 0.01 0 0 0 0 0 0 
"final" is final
0.01 0.16 0.64 0.02 0.16 0 0.01 0 0 0 0 0 0 
applying bow 0in round 3
0.01 0.16 0.64 0.02 0.16 0 0.01 0 0 0 0 0 0 
0.003 0.051 0.24 0.202 0.118 0.304 0.011 0.067 0 0.004 0 0 0 
"final" is final
0.003 0.051 0.24 0.202 0.118 0.304 0.011 0.067 0 0.004 0 0 0 
applying bow 1in round 3
0.01 0.16 0.64 0.02 0.16 0 0.01 0 0 0 0 0 0 
0.001 0.024 0.192 0.515 0.048 0.192 0.003 0.024 0 0.001 0 0 0 
"final" is final
0.001 0.024 0.192 0.515 0.048 0.192 0.003 0.024 0 0.001 0 0 0 
applying bow 0in round 1
0.1 0.8 0 0.1 0 0 0 0 0 0 0 0 0 
0.03 0.27 0.24 0.07 0.35 0 0.04 0 0 0 0 0 0 
"final" is final
0.03 0.27 0.24 0.07 0.35 0 0.04 0 0 0 0 0 0 
applying bow 0in round 3
0.03 0.27 0.24 0.07 0.35 0 0.04 0 0 0 0 0 0 
0.009 0.09 0.153 0.105 0.234 0.201 0.04 0.152 0 0.016 0 0 0 
"final" is final
0.009 0.09 0.153 0.105 0.234 0.201 0.04 0.152 0 0.016 0 0 0 
applying bow 1in round 3
0.03 0.27 0.24 0.07 0.35 0 0.04 0 0 0 0 0 0 
0.003 0.051 0.24 0.202 0.118 0.304 0.011 0.067 0 0.004 0 0 0 
"final" is final
0.003 0.051 0.24 0.202 0.118 0.304 0.011 0.067 0 0.004 0 0 0 
applying bow 0in round 2
0.03 0.27 0.24 0.07 0.35 0 0.04 0 0 0 0 0 0 
0.009 0.09 0.153 0.105 0.234 0.201 0.04 0.152 0 0.016 0 0 0 
"final" is final
0.009 0.09 0.153 0.105 0.234 0.201 0.04 0.152 0 0.016 0 0 0 
applying bow 0in round 3
0.009 0.09 0.153 0.105 0.234 0.201 0.04 0.152 0 0.016 0 0 0 
0.0027 0.0297 0.0729 0.081 0.1377 0.1917 0.1143 0.1056 0.0804 0.016 0 0 0 
"final" is final
0.0027 0.0297 0.0729 0.081 0.1377 0.1917 0.1143 0.1056 0.0804 0.016 0 0 0 
applying bow 1in round 3
0.009 0.09 0.153 0.105 0.234 0.201 0.04 0.152 0 0.016 0 0 0 
0.0009 0.0162 0.0873 0.1338 0.1164 0.2226 0.1753 0.0554 0.0201 0.004 0 0 0 
"final" is final
0.0009 0.0162 0.0873 0.1338 0.1164 0.2226 0.1753 0.0554 0.0201 0.004 0 0 0 
applying bow 1in round 2
0.03 0.27 0.24 0.07 0.35 0 0.04 0 0 0 0 0 0 
0.003 0.051 0.24 0.202 0.118 0.304 0.011 0.067 0 0.004 0 0 0 
"final" is final
0.003 0.051 0.24 0.202 0.118 0.304 0.011 0.067 0 0.004 0 0 0 
applying bow 0in round 3
0.003 0.051 0.24 0.202 0.118 0.304 0.011 0.067 0 0.004 0 0 0 
0.0009 0.0162 0.0873 0.1338 0.1164 0.2226 0.1753 0.0505 0.1216 0.0044 0 0 0 
"final" is final
0.0009 0.0162 0.0873 0.1338 0.1164 0.2226 0.1753 0.0505 0.1216 0.0044 0 0 0 
applying bow 1in round 3
0.003 0.051 0.24 0.202 0.118 0.304 0.011 0.067 0 0.004 0 0 0 
0.0003 0.0075 0.0648 0.2125 0.1785 0.1488 0.2645 0.0206 0.0304 0.0011 0 0 0 
"final" is final
0.0003 0.0075 0.0648 0.2125 0.1785 0.1488 0.2645 0.0206 0.0304 0.0011 0 0 0 
applying bow 1in round 1
0.1 0.8 0 0.1 0 0 0 0 0 0 0 0 0 
0.01 0.16 0.64 0.02 0.16 0 0.01 0 0 0 0 0 0 
"final" is final
0.01 0.16 0.64 0.02 0.16 0 0.01 0 0 0 0 0 0 
applying bow 0in round 3
0.01 0.16 0.64 0.02 0.16 0 0.01 0 0 0 0 0 0 
0.003 0.051 0.24 0.202 0.118 0.304 0.011 0.067 0 0.004 0 0 0 
"final" is final
0.003 0.051 0.24 0.202 0.118 0.304 0.011 0.067 0 0.004 0 0 0 
applying bow 1in round 3
0.01 0.16 0.64 0.02 0.16 0 0.01 0 0 0 0 0 0 
0.001 0.024 0.192 0.515 0.048 0.192 0.003 0.024 0 0.001 0 0 0 
"final" is final
0.001 0.024 0.192 0.515 0.048 0.192 0.003 0.024 0 0.001 0 0 0 
applying bow 0in round 2
0.01 0.16 0.64 0.02 0.16 0 0.01 0 0 0 0 0 0 
0.003 0.051 0.24 0.202 0.118 0.304 0.011 0.067 0 0.004 0 0 0 
"final" is final
0.003 0.051 0.24 0.202 0.118 0.304 0.011 0.067 0 0.004 0 0 0 
applying bow 0in round 3
0.003 0.051 0.24 0.202 0.118 0.304 0.011 0.067 0 0.004 0 0 0 
0.0009 0.0162 0.0873 0.1338 0.1164 0.2226 0.1753 0.0505 0.1216 0.0044 0 0 0 
"final" is final
0.0009 0.0162 0.0873 0.1338 0.1164 0.2226 0.1753 0.0505 0.1216 0.0044 0 0 0 
applying bow 1in round 3
0.003 0.051 0.24 0.202 0.118 0.304 0.011 0.067 0 0.004 0 0 0 
0.0003 0.0075 0.0648 0.2125 0.1785 0.1488 0.2645 0.0206 0.0304 0.0011 0 0 0 
"final" is final
0.0003 0.0075 0.0648 0.2125 0.1785 0.1488 0.2645 0.0206 0.0304 0.0011 0 0 0 
applying bow 1in round 2
0.01 0.16 0.64 0.02 0.16 0 0.01 0 0 0 0 0 0 
0.001 0.024 0.192 0.515 0.048 0.192 0.003 0.024 0 0.001 0 0 0 
"final" is final
0.001 0.024 0.192 0.515 0.048 0.192 0.003 0.024 0 0.001 0 0 0 
applying bow 0in round 3
0.001 0.024 0.192 0.515 0.048 0.192 0.003 0.024 0 0.001 0 0 0 
0.0003 0.0075 0.0648 0.2125 0.1785 0.1488 0.2645 0.0201 0.0768 0.0012 0 0 0 
"final" is final
0.0003 0.0075 0.0648 0.2125 0.1785 0.1488 0.2645 0.0201 0.0768 0.0012 0 0 0 
applying bow 1in round 3
0.001 0.024 0.192 0.515 0.048 0.192 0.003 0.024 0 0.001 0 0 0 
0.0001 0.0032 0.0384 0.2052 0.4192 0.0768 0.2054 0.0072 0.0192 0.0003 0 0 0 
"final" is final
0.0001 0.0032 0.0384 0.2052 0.4192 0.0768 0.2054 0.0072 0.0192 0.0003 0 0 0 
-1
